============================= test session starts =============================
platform win32 -- Python 3.13.11, pytest-9.0.2, pluggy-1.6.0 -- D:\_projects\clinica_go\back\.venv\Scripts\python.exe
cachedir: .pytest_cache
rootdir: D:\_projects\clinica_go\back
configfile: pytest.ini
plugins: anyio-4.12.0, langsmith-0.6.0, asyncio-1.3.0, cov-7.0.0, mock-3.15.1, xdist-3.8.0
asyncio: mode=Mode.STRICT, debug=False, asyncio_default_fixture_loop_scope=None, asyncio_default_test_loop_scope=function
collecting ... collected 1 item

tests/api/test_05_conversations.py::TestPhase5Conversations::test_uc022_verify_conversation_created [WARN] Verification timeout, falling back to DB for test_user_1768777256964@example.com
[WARN] Manually verified email in DB for test_user_1768777256964@example.com (Maildev fallback)
DEBUG: GET http://localhost:3333/api/v1/conversations
FAILED

================================== FAILURES ===================================
_______ TestPhase5Conversations.test_uc022_verify_conversation_created ________
tests\api\test_05_conversations.py:49: in test_uc022_verify_conversation_created
    assert isinstance(data, list)
E   AssertionError: assert False
E    +  where False = isinstance({'conversations': [], 'total': 0}, list)
=========================== short test summary info ===========================
FAILED tests/api/test_05_conversations.py::TestPhase5Conversations::test_uc022_verify_conversation_created - AssertionError: assert False
 +  where False = isinstance({'conversations': [], 'total': 0}, list)
!!!!!!!!!!!!!!!!!!!!!!!!!! stopping after 1 failures !!!!!!!!!!!!!!!!!!!!!!!!!!
============================= 1 failed in 14.84s ==============================
